<?xml version="1.0" encoding="UTF-8"?>
<!-- Generated by org.testng.reporters.JUnitXMLReporter -->
<testsuite ignored="1" hostname="DESKTOP-4N5C9P7" failures="1" tests="2" name="Test" time="25.002" errors="0" timestamp="2026-07-10T18:55:24 IST">
  <testcase classname="testCases.TC_001_AccountRegistrationTest" name="AccountRegistrationTest" time="5.91"/>
  <testcase classname="testCases.TC_002_LoginTests" name="TC001_LoginTestWithValidData" time="7.432">
    <failure type="java.lang.AssertionError" message="Target page matches expected [true] but found [false]">
      <![CDATA[java.lang.AssertionError: Target page matches expected [true] but found [false]
at testCases.TC_002_LoginTests.TC001_LoginTestWithValidData(TC_002_LoginTests.java:30)
at java.base/java.util.ArrayList.forEach(ArrayList.java:1596)
... Removed 28 stack frames]]>
    </failure>
  </testcase> <!-- TC001_LoginTestWithValidData -->
  <testcase classname="testCases.TC_003_LoginDDT" name="verifyLoginDDT" time="0.0">
    <ignored/>
  </testcase> <!-- verifyLoginDDT -->
</testsuite> <!-- Test -->
