<?xml version="1.0" encoding="UTF-8"?>
<!-- Generated by org.testng.reporters.JUnitXMLReporter -->
<testsuite ignored="0" hostname="DESKTOP-4N5C9P7" failures="0" tests="2" name="Test(failed)" time="12.302" errors="0" timestamp="2026-07-10T19:23:15 IST">
  <testcase classname="testCases.TC_002_LoginTests" name="TC001_LoginTestWithValidData" time="2.17"/>
  <testcase classname="testCases.TC_001_AccountRegistrationTest" name="AccountRegistrationTest" time="2.76"/>
</testsuite> <!-- Test(failed) -->
