<?xml version="1.0" encoding="UTF-8"?>
<testng-results ignored="0" total="2" passed="2" failed="0" skipped="0">
  <reporter-output>
  </reporter-output>
  <suite started-at="2026-07-14T16:01:21 IST" name="Suite" finished-at="2026-07-14T16:01:40 IST" duration-ms="19241">
    <groups>
      <group name="Master">
        <method signature="TC_001_AccountRegistrationTest.AccountRegistrationTest()[pri:0, instance:testCases.TC_001_AccountRegistrationTest@75b25825]" name="AccountRegistrationTest" class="testCases.TC_001_AccountRegistrationTest"/>
        <method signature="TC_002_LoginTests.TC001_LoginTestWithValidData()[pri:0, instance:testCases.TC_002_LoginTests@3a3e4aff]" name="TC001_LoginTestWithValidData" class="testCases.TC_002_LoginTests"/>
      </group> <!-- Master -->
      <group name="sanity">
        <method signature="TC_001_AccountRegistrationTest.AccountRegistrationTest()[pri:0, instance:testCases.TC_001_AccountRegistrationTest@75b25825]" name="AccountRegistrationTest" class="testCases.TC_001_AccountRegistrationTest"/>
      </group> <!-- sanity -->
    </groups>
    <test started-at="2026-07-14T16:01:21 IST" name="Test" finished-at="2026-07-14T16:01:40 IST" duration-ms="19241">
      <class name="testCases.TC_001_AccountRegistrationTest">
        <test-method is-config="true" signature="setup(java.lang.String,java.lang.String)[pri:0, instance:testCases.TC_001_AccountRegistrationTest@75b25825]" started-at="2026-07-14T16:01:21 IST" name="setup" finished-at="2026-07-14T16:01:26 IST" duration-ms="4450" status="PASS">
          <params>
            <param index="0">
              <value>
                <![CDATA[windows]]>
              </value>
            </param>
            <param index="1">
              <value>
                <![CDATA[chrome]]>
              </value>
            </param>
          </params>
          <reporter-output>
          </reporter-output>
        </test-method> <!-- setup -->
        <test-method signature="AccountRegistrationTest()[pri:0, instance:testCases.TC_001_AccountRegistrationTest@75b25825]" started-at="2026-07-14T16:01:26 IST" name="AccountRegistrationTest" finished-at="2026-07-14T16:01:29 IST" duration-ms="3747" status="PASS">
          <reporter-output>
          </reporter-output>
        </test-method> <!-- AccountRegistrationTest -->
        <test-method is-config="true" signature="tearDown()[pri:0, instance:testCases.TC_001_AccountRegistrationTest@75b25825]" started-at="2026-07-14T16:01:29 IST" name="tearDown" finished-at="2026-07-14T16:01:30 IST" duration-ms="245" status="PASS">
          <reporter-output>
          </reporter-output>
        </test-method> <!-- tearDown -->
      </class> <!-- testCases.TC_001_AccountRegistrationTest -->
      <class name="testCases.TC_002_LoginTests">
        <test-method is-config="true" signature="setup(java.lang.String,java.lang.String)[pri:0, instance:testCases.TC_002_LoginTests@3a3e4aff]" started-at="2026-07-14T16:01:30 IST" name="setup" finished-at="2026-07-14T16:01:37 IST" duration-ms="6957" status="PASS">
          <params>
            <param index="0">
              <value>
                <![CDATA[windows]]>
              </value>
            </param>
            <param index="1">
              <value>
                <![CDATA[chrome]]>
              </value>
            </param>
          </params>
          <reporter-output>
          </reporter-output>
        </test-method> <!-- setup -->
        <test-method signature="TC001_LoginTestWithValidData()[pri:0, instance:testCases.TC_002_LoginTests@3a3e4aff]" started-at="2026-07-14T16:01:37 IST" name="TC001_LoginTestWithValidData" finished-at="2026-07-14T16:01:40 IST" duration-ms="3224" status="PASS">
          <reporter-output>
          </reporter-output>
        </test-method> <!-- TC001_LoginTestWithValidData -->
        <test-method is-config="true" signature="tearDown()[pri:0, instance:testCases.TC_002_LoginTests@3a3e4aff]" started-at="2026-07-14T16:01:40 IST" name="tearDown" finished-at="2026-07-14T16:01:40 IST" duration-ms="249" status="PASS">
          <reporter-output>
          </reporter-output>
        </test-method> <!-- tearDown -->
      </class> <!-- testCases.TC_002_LoginTests -->
    </test> <!-- Test -->
  </suite> <!-- Suite -->
</testng-results>
